Performing C SOURCE FILE Test CMAKE_HAVE_LIBC_PTHREAD failed with the following output:
Change Dir: /home/matthew/ros_ws/build/CMakeFiles/CMakeTmp

Run Build Command(s):/usr/bin/make cmTC_e73c4/fast && /usr/bin/make -f CMakeFiles/cmTC_e73c4.dir/build.make CMakeFiles/cmTC_e73c4.dir/build
make[1]: Entering directory '/home/matthew/ros_ws/build/CMakeFiles/CMakeTmp'
Building C object CMakeFiles/cmTC_e73c4.dir/src.c.o
/usr/bin/cc   -DCMAKE_HAVE_LIBC_PTHREAD   -o CMakeFiles/cmTC_e73c4.dir/src.c.o   -c /home/matthew/ros_ws/build/CMakeFiles/CMakeTmp/src.c
Linking C executable cmTC_e73c4
/usr/bin/cmake -E cmake_link_script CMakeFiles/cmTC_e73c4.dir/link.txt --verbose=1
/usr/bin/cc  -DCMAKE_HAVE_LIBC_PTHREAD    -rdynamic CMakeFiles/cmTC_e73c4.dir/src.c.o  -o cmTC_e73c4 
/usr/bin/ld: CMakeFiles/cmTC_e73c4.dir/src.c.o: in function `main':
src.c:(.text+0x46): undefined reference to `pthread_create'
/usr/bin/ld: src.c:(.text+0x52): undefined reference to `pthread_detach'
/usr/bin/ld: src.c:(.text+0x63): undefined reference to `pthread_join'
collect2: error: ld returned 1 exit status
make[1]: *** [CMakeFiles/cmTC_e73c4.dir/build.make:87: cmTC_e73c4] Error 1
make[1]: Leaving directory '/home/matthew/ros_ws/build/CMakeFiles/CMakeTmp'
make: *** [Makefile:121: cmTC_e73c4/fast] Error 2


Source file was:
#include <pthread.h>

void* test_func(void* data)
{
  return data;
}

int main(void)
{
  pthread_t thread;
  pthread_create(&thread, NULL, test_func, NULL);
  pthread_detach(thread);
  pthread_join(thread, NULL);
  pthread_atfork(NULL, NULL, NULL);
  pthread_exit(NULL);

  return 0;
}

Determining if the function pthread_create exists in the pthreads failed with the following output:
Change Dir: /home/matthew/ros_ws/build/CMakeFiles/CMakeTmp

Run Build Command(s):/usr/bin/make cmTC_a7b26/fast && /usr/bin/make -f CMakeFiles/cmTC_a7b26.dir/build.make CMakeFiles/cmTC_a7b26.dir/build
make[1]: Entering directory '/home/matthew/ros_ws/build/CMakeFiles/CMakeTmp'
Building C object CMakeFiles/cmTC_a7b26.dir/CheckFunctionExists.c.o
/usr/bin/cc   -DCHECK_FUNCTION_EXISTS=pthread_create   -o CMakeFiles/cmTC_a7b26.dir/CheckFunctionExists.c.o   -c /usr/share/cmake-3.16/Modules/CheckFunctionExists.c
Linking C executable cmTC_a7b26
/usr/bin/cmake -E cmake_link_script CMakeFiles/cmTC_a7b26.dir/link.txt --verbose=1
/usr/bin/cc  -DCHECK_FUNCTION_EXISTS=pthread_create    -rdynamic CMakeFiles/cmTC_a7b26.dir/CheckFunctionExists.c.o  -o cmTC_a7b26  -lpthreads 
/usr/bin/ld: cannot find -lpthreads
collect2: error: ld returned 1 exit status
make[1]: *** [CMakeFiles/cmTC_a7b26.dir/build.make:87: cmTC_a7b26] Error 1
make[1]: Leaving directory '/home/matthew/ros_ws/build/CMakeFiles/CMakeTmp'
make: *** [Makefile:121: cmTC_a7b26/fast] Error 2



Performing C SOURCE FILE Test CMAKE_HAVE_LIBC_PTHREAD failed with the following output:
Change Dir: /home/fizzer/ros_ws/build/CMakeFiles/CMakeTmp

Run Build Command(s):/usr/bin/make cmTC_7965c/fast && make[1]: Entering directory '/home/fizzer/ros_ws/build/CMakeFiles/CMakeTmp'
/usr/bin/make -f CMakeFiles/cmTC_7965c.dir/build.make CMakeFiles/cmTC_7965c.dir/build
make[2]: Entering directory '/home/fizzer/ros_ws/build/CMakeFiles/CMakeTmp'
Building C object CMakeFiles/cmTC_7965c.dir/src.c.o
/usr/bin/cc   -DCMAKE_HAVE_LIBC_PTHREAD   -o CMakeFiles/cmTC_7965c.dir/src.c.o   -c /home/fizzer/ros_ws/build/CMakeFiles/CMakeTmp/src.c
Linking C executable cmTC_7965c
/usr/bin/cmake -E cmake_link_script CMakeFiles/cmTC_7965c.dir/link.txt --verbose=1
/usr/bin/cc  -DCMAKE_HAVE_LIBC_PTHREAD    -rdynamic CMakeFiles/cmTC_7965c.dir/src.c.o  -o cmTC_7965c 
/usr/bin/ld: CMakeFiles/cmTC_7965c.dir/src.c.o: in function `main':
src.c:(.text+0x46): undefined reference to `pthread_create'
/usr/bin/ld: src.c:(.text+0x52): undefined reference to `pthread_detach'
/usr/bin/ld: src.c:(.text+0x63): undefined reference to `pthread_join'
collect2: error: ld returned 1 exit status
make[2]: *** [CMakeFiles/cmTC_7965c.dir/build.make:87: cmTC_7965c] Error 1
make[2]: Leaving directory '/home/fizzer/ros_ws/build/CMakeFiles/CMakeTmp'
make[1]: *** [Makefile:121: cmTC_7965c/fast] Error 2
make[1]: Leaving directory '/home/fizzer/ros_ws/build/CMakeFiles/CMakeTmp'


Source file was:
#include <pthread.h>

void* test_func(void* data)
{
  return data;
}

int main(void)
{
  pthread_t thread;
  pthread_create(&thread, NULL, test_func, NULL);
  pthread_detach(thread);
  pthread_join(thread, NULL);
  pthread_atfork(NULL, NULL, NULL);
  pthread_exit(NULL);

  return 0;
}

Determining if the function pthread_create exists in the pthreads failed with the following output:
Change Dir: /home/fizzer/ros_ws/build/CMakeFiles/CMakeTmp

Run Build Command(s):/usr/bin/make cmTC_fd789/fast && make[1]: Entering directory '/home/fizzer/ros_ws/build/CMakeFiles/CMakeTmp'
/usr/bin/make -f CMakeFiles/cmTC_fd789.dir/build.make CMakeFiles/cmTC_fd789.dir/build
make[2]: Entering directory '/home/fizzer/ros_ws/build/CMakeFiles/CMakeTmp'
Building C object CMakeFiles/cmTC_fd789.dir/CheckFunctionExists.c.o
/usr/bin/cc   -DCHECK_FUNCTION_EXISTS=pthread_create   -o CMakeFiles/cmTC_fd789.dir/CheckFunctionExists.c.o   -c /usr/share/cmake-3.16/Modules/CheckFunctionExists.c
Linking C executable cmTC_fd789
/usr/bin/cmake -E cmake_link_script CMakeFiles/cmTC_fd789.dir/link.txt --verbose=1
/usr/bin/cc  -DCHECK_FUNCTION_EXISTS=pthread_create    -rdynamic CMakeFiles/cmTC_fd789.dir/CheckFunctionExists.c.o  -o cmTC_fd789  -lpthreads 
/usr/bin/ld: cannot find -lpthreads
collect2: error: ld returned 1 exit status
make[2]: *** [CMakeFiles/cmTC_fd789.dir/build.make:87: cmTC_fd789] Error 1
make[2]: Leaving directory '/home/fizzer/ros_ws/build/CMakeFiles/CMakeTmp'
make[1]: *** [Makefile:121: cmTC_fd789/fast] Error 2
make[1]: Leaving directory '/home/fizzer/ros_ws/build/CMakeFiles/CMakeTmp'



Performing C SOURCE FILE Test CMAKE_HAVE_LIBC_PTHREAD failed with the following output:
Change Dir: /home/matthew/ros_ws/build/CMakeFiles/CMakeTmp

Run Build Command(s):/usr/bin/make cmTC_08c31/fast && make[1]: Entering directory '/home/matthew/ros_ws/build/CMakeFiles/CMakeTmp'
/usr/bin/make -f CMakeFiles/cmTC_08c31.dir/build.make CMakeFiles/cmTC_08c31.dir/build
make[2]: Entering directory '/home/matthew/ros_ws/build/CMakeFiles/CMakeTmp'
Building C object CMakeFiles/cmTC_08c31.dir/src.c.o
/usr/bin/cc   -DCMAKE_HAVE_LIBC_PTHREAD   -o CMakeFiles/cmTC_08c31.dir/src.c.o   -c /home/matthew/ros_ws/build/CMakeFiles/CMakeTmp/src.c
Linking C executable cmTC_08c31
/usr/bin/cmake -E cmake_link_script CMakeFiles/cmTC_08c31.dir/link.txt --verbose=1
/usr/bin/cc  -DCMAKE_HAVE_LIBC_PTHREAD    -rdynamic CMakeFiles/cmTC_08c31.dir/src.c.o  -o cmTC_08c31 
/usr/bin/ld: CMakeFiles/cmTC_08c31.dir/src.c.o: in function `main':
src.c:(.text+0x46): undefined reference to `pthread_create'
/usr/bin/ld: src.c:(.text+0x52): undefined reference to `pthread_detach'
/usr/bin/ld: src.c:(.text+0x63): undefined reference to `pthread_join'
collect2: error: ld returned 1 exit status
make[2]: *** [CMakeFiles/cmTC_08c31.dir/build.make:87: cmTC_08c31] Error 1
make[2]: Leaving directory '/home/matthew/ros_ws/build/CMakeFiles/CMakeTmp'
make[1]: *** [Makefile:121: cmTC_08c31/fast] Error 2
make[1]: Leaving directory '/home/matthew/ros_ws/build/CMakeFiles/CMakeTmp'


Source file was:
#include <pthread.h>

void* test_func(void* data)
{
  return data;
}

int main(void)
{
  pthread_t thread;
  pthread_create(&thread, NULL, test_func, NULL);
  pthread_detach(thread);
  pthread_join(thread, NULL);
  pthread_atfork(NULL, NULL, NULL);
  pthread_exit(NULL);

  return 0;
}

Determining if the function pthread_create exists in the pthreads failed with the following output:
Change Dir: /home/matthew/ros_ws/build/CMakeFiles/CMakeTmp

Run Build Command(s):/usr/bin/make cmTC_d9f1e/fast && make[1]: Entering directory '/home/matthew/ros_ws/build/CMakeFiles/CMakeTmp'
/usr/bin/make -f CMakeFiles/cmTC_d9f1e.dir/build.make CMakeFiles/cmTC_d9f1e.dir/build
make[2]: Entering directory '/home/matthew/ros_ws/build/CMakeFiles/CMakeTmp'
Building C object CMakeFiles/cmTC_d9f1e.dir/CheckFunctionExists.c.o
/usr/bin/cc   -DCHECK_FUNCTION_EXISTS=pthread_create   -o CMakeFiles/cmTC_d9f1e.dir/CheckFunctionExists.c.o   -c /usr/share/cmake-3.16/Modules/CheckFunctionExists.c
Linking C executable cmTC_d9f1e
/usr/bin/cmake -E cmake_link_script CMakeFiles/cmTC_d9f1e.dir/link.txt --verbose=1
/usr/bin/cc  -DCHECK_FUNCTION_EXISTS=pthread_create    -rdynamic CMakeFiles/cmTC_d9f1e.dir/CheckFunctionExists.c.o  -o cmTC_d9f1e  -lpthreads 
/usr/bin/ld: cannot find -lpthreads
collect2: error: ld returned 1 exit status
make[2]: *** [CMakeFiles/cmTC_d9f1e.dir/build.make:87: cmTC_d9f1e] Error 1
make[2]: Leaving directory '/home/matthew/ros_ws/build/CMakeFiles/CMakeTmp'
make[1]: *** [Makefile:121: cmTC_d9f1e/fast] Error 2
make[1]: Leaving directory '/home/matthew/ros_ws/build/CMakeFiles/CMakeTmp'



Performing C SOURCE FILE Test CMAKE_HAVE_LIBC_PTHREAD failed with the following output:
Change Dir: /home/fizzer/ros_ws/build/CMakeFiles/CMakeTmp

Run Build Command(s):/usr/bin/make cmTC_674bb/fast && make[1]: Entering directory '/home/fizzer/ros_ws/build/CMakeFiles/CMakeTmp'
/usr/bin/make -f CMakeFiles/cmTC_674bb.dir/build.make CMakeFiles/cmTC_674bb.dir/build
make[2]: Entering directory '/home/fizzer/ros_ws/build/CMakeFiles/CMakeTmp'
Building C object CMakeFiles/cmTC_674bb.dir/src.c.o
/usr/bin/cc   -DCMAKE_HAVE_LIBC_PTHREAD   -o CMakeFiles/cmTC_674bb.dir/src.c.o   -c /home/fizzer/ros_ws/build/CMakeFiles/CMakeTmp/src.c
Linking C executable cmTC_674bb
/usr/bin/cmake -E cmake_link_script CMakeFiles/cmTC_674bb.dir/link.txt --verbose=1
/usr/bin/cc  -DCMAKE_HAVE_LIBC_PTHREAD    -rdynamic CMakeFiles/cmTC_674bb.dir/src.c.o  -o cmTC_674bb 
/usr/bin/ld: CMakeFiles/cmTC_674bb.dir/src.c.o: in function `main':
src.c:(.text+0x46): undefined reference to `pthread_create'
/usr/bin/ld: src.c:(.text+0x52): undefined reference to `pthread_detach'
/usr/bin/ld: src.c:(.text+0x63): undefined reference to `pthread_join'
collect2: error: ld returned 1 exit status
make[2]: *** [CMakeFiles/cmTC_674bb.dir/build.make:87: cmTC_674bb] Error 1
make[2]: Leaving directory '/home/fizzer/ros_ws/build/CMakeFiles/CMakeTmp'
make[1]: *** [Makefile:121: cmTC_674bb/fast] Error 2
make[1]: Leaving directory '/home/fizzer/ros_ws/build/CMakeFiles/CMakeTmp'


Source file was:
#include <pthread.h>

void* test_func(void* data)
{
  return data;
}

int main(void)
{
  pthread_t thread;
  pthread_create(&thread, NULL, test_func, NULL);
  pthread_detach(thread);
  pthread_join(thread, NULL);
  pthread_atfork(NULL, NULL, NULL);
  pthread_exit(NULL);

  return 0;
}

Determining if the function pthread_create exists in the pthreads failed with the following output:
Change Dir: /home/fizzer/ros_ws/build/CMakeFiles/CMakeTmp

Run Build Command(s):/usr/bin/make cmTC_2f4d8/fast && make[1]: Entering directory '/home/fizzer/ros_ws/build/CMakeFiles/CMakeTmp'
/usr/bin/make -f CMakeFiles/cmTC_2f4d8.dir/build.make CMakeFiles/cmTC_2f4d8.dir/build
make[2]: Entering directory '/home/fizzer/ros_ws/build/CMakeFiles/CMakeTmp'
Building C object CMakeFiles/cmTC_2f4d8.dir/CheckFunctionExists.c.o
/usr/bin/cc   -DCHECK_FUNCTION_EXISTS=pthread_create   -o CMakeFiles/cmTC_2f4d8.dir/CheckFunctionExists.c.o   -c /usr/share/cmake-3.16/Modules/CheckFunctionExists.c
Linking C executable cmTC_2f4d8
/usr/bin/cmake -E cmake_link_script CMakeFiles/cmTC_2f4d8.dir/link.txt --verbose=1
/usr/bin/cc  -DCHECK_FUNCTION_EXISTS=pthread_create    -rdynamic CMakeFiles/cmTC_2f4d8.dir/CheckFunctionExists.c.o  -o cmTC_2f4d8  -lpthreads 
/usr/bin/ld: cannot find -lpthreads
collect2: error: ld returned 1 exit status
make[2]: *** [CMakeFiles/cmTC_2f4d8.dir/build.make:87: cmTC_2f4d8] Error 1
make[2]: Leaving directory '/home/fizzer/ros_ws/build/CMakeFiles/CMakeTmp'
make[1]: *** [Makefile:121: cmTC_2f4d8/fast] Error 2
make[1]: Leaving directory '/home/fizzer/ros_ws/build/CMakeFiles/CMakeTmp'



